os.PathError$LastOnEmptyPath: empty path has no last segment
  os.PathError$LastOnEmptyPath$.apply(Path.scala:269)
  os.BasePathImpl.last$$anonfun$1(Path.scala:251)
  scala.Option.getOrElse(Option.scala:201)
  os.BasePathImpl.last(Path.scala:251)
  os.BasePathImpl.last$(Path.scala:231)
  os.Path.last(Path.scala:535)
  scala.build.input.Inputs$.validateArgs$$anonfun$1(Inputs.scala:276)
  scala.collection.immutable.List.map(List.scala:251)
  scala.collection.immutable.List.map(List.scala:79)
  scala.build.input.Inputs$.validateArgs(Inputs.scala:233)
  scala.build.input.Inputs$.forNonEmptyArgs(Inputs.scala:342)
  scala.build.input.Inputs$.apply(Inputs.scala:460)
  scala.cli.commands.shared.SharedOptions$.inputs(SharedOptions.scala:727)
  scala.cli.commands.shared.SharedOptions.inputs(SharedOptions.scala:642)
  scala.cli.commands.run.Run$.runCommand(Run.scala:148)
  scala.cli.commands.run.Run$.runCommand(Run.scala:70)
  scala.cli.commands.run.Run$.runCommand(Run.scala:63)
  scala.cli.commands.ScalaCommand.run(ScalaCommand.scala:401)
  scala.cli.commands.ScalaCommand.run(ScalaCommand.scala:382)
  caseapp.core.app.CaseApp.main(CaseApp.scala:166)
  scala.cli.commands.ScalaCommand.main(ScalaCommand.scala:367)
  caseapp.core.app.CommandsEntryPoint.main(CommandsEntryPoint.scala:370)
  scala.cli.ScalaCliCommands.main(ScalaCliCommands.scala:125)
  scala.cli.ScalaCli$.main0(ScalaCli.scala:320)
  scala.cli.ScalaCli$.main(ScalaCli.scala:124)
  scala.cli.ScalaCli.main(ScalaCli.scala)
